[    0.000000] Initializing cgroup subsys cpuset
[    0.000000] Initializing cgroup subsys cpu
[    0.000000] Initializing cgroup subsys cpuacct
[    0.000000] Linux version 4.4.0-131-generic (buildd@lgw01-amd64-015) (gcc version 5.4.0 20160609 (Ubuntu 5.4.0-6ubuntu1~16.04.10) ) #157-Ubuntu SMP Thu Jul 12 15:51:36 UTC 2018 (Ubuntu 4.4.0-131.157-generic 4.4.134)
[    0.000000] Command line: BOOT_IMAGE=/boot/vmlinuz-4.4.0-131-generic root=LABEL=cloudimg-rootfs ro console=tty1 console=ttyS0
[    0.000000] KERNEL supported cpus:
[    0.000000]   Intel GenuineIntel
[    0.000000]   AMD AuthenticAMD
[    0.000000]   Centaur CentaurHauls
[    0.000000] ------------[ cut here ]------------
[    0.000000] WARNING: CPU: 0 PID: 0 at /build/linux-PFxNmB/linux-4.4.0/arch/x86/kernel/fpu/xstate.c:517 fpu__init_system_xstate+0x38a/0x759()
[    0.000000] XSAVE consistency problem, dumping leaves
[    0.000000] Modules linked in:
[    0.000000] CPU: 0 PID: 0 Comm: swapper Not tainted 4.4.0-131-generic #157-Ubuntu
[    0.000000]  0000000000000086 e4b0e29df5b8311c ffffffff81e03d70 ffffffff81401c43
[    0.000000]  ffffffff81e03db8 ffffffff81caccb0 ffffffff81e03da8 ffffffff810844c2
[    0.000000]  ffffffff81e03e38 ffffffff81e03e3c 0000000000000008 0000000000000100
[    0.000000] Call Trace:
[    0.000000]  [<ffffffff81401c43>] dump_stack+0x63/0x90
[    0.000000]  [<ffffffff810844c2>] warn_slowpath_common+0x82/0xc0
[    0.000000]  [<ffffffff8108455c>] warn_slowpath_fmt+0x5c/0x80
[    0.000000]  [<ffffffff8108007b>] ? xfeature_size+0x59/0x77
[    0.000000]  [<ffffffff81f73294>] fpu__init_system_xstate+0x38a/0x759
[    0.000000]  [<ffffffff81f63120>] ? early_idt_handler_array+0x120/0x120
[    0.000000]  [<ffffffff81f72c22>] fpu__init_system+0x21a/0x330
[    0.000000]  [<ffffffff81f73e29>] early_cpu_init+0x1da/0x1e0
[    0.000000]  [<ffffffff81f73e29>] ? early_cpu_init+0x1da/0x1e0
[    0.000000]  [<ffffffff81f6f171>] setup_arch+0xb4/0xd13
[    0.000000]  [<ffffffff81f63120>] ? early_idt_handler_array+0x120/0x120
[    0.000000]  [<ffffffff81f63c75>] start_kernel+0xe2/0x4a4
[    0.000000]  [<ffffffff81f63120>] ? early_idt_handler_array+0x120/0x120
[    0.000000]  [<ffffffff81f63339>] x86_64_start_reservations+0x2a/0x2c
[    0.000000]  [<ffffffff81f63485>] x86_64_start_kernel+0x14a/0x16d
[    0.000000] ---[ end trace 4d5ff9f2f68c4233 ]---
[    0.000000] CPUID[0d, 00]: eax=00000007 ebx=00000440 ecx=00000440 edx=00000000
[    0.000000] CPUID[0d, 01]: eax=00000000 ebx=000003c0 ecx=00000000 edx=00000000
[    0.000000] CPUID[0d, 02]: eax=00000100 ebx=00000240 ecx=00000000 edx=00000000
[    0.000000] CPUID[0d, 03]: eax=00000000 ebx=00000000 ecx=00000000 edx=00000000
[    0.000000] CPUID[0d, 04]: eax=00000000 ebx=00000000 ecx=00000000 edx=00000000
[    0.000000] CPUID[0d, 05]: eax=00000000 ebx=00000000 ecx=00000000 edx=00000000
[    0.000000] CPUID[0d, 06]: eax=00000000 ebx=00000000 ecx=00000000 edx=00000000
[    0.000000] CPUID[0d, 07]: eax=00000000 ebx=00000000 ecx=00000000 edx=00000000
[    0.000000] CPUID[0d, 08]: eax=00000000 ebx=00000000 ecx=00000000 edx=00000000
[    0.000000] CPUID[0d, 09]: eax=00000000 ebx=00000000 ecx=00000000 edx=00000000
[    0.000000] CPUID[0d, 0a]: eax=00000000 ebx=00000000 ecx=00000000 edx=00000000
[    0.000000] CPUID[0d, 0b]: eax=00000000 ebx=00000000 ecx=00000000 edx=00000000
[    0.000000] CPUID[0d, 0c]: eax=00000000 ebx=00000000 ecx=00000000 edx=00000000
[    0.000000] CPUID[0d, 0d]: eax=00000000 ebx=00000000 ecx=00000000 edx=00000000
[    0.000000] CPUID[0d, 0e]: eax=00000000 ebx=00000000 ecx=00000000 edx=00000000
[    0.000000] CPUID[0d, 0f]: eax=00000000 ebx=00000000 ecx=00000000 edx=00000000
[    0.000000] CPUID[0d, 10]: eax=00000000 ebx=00000000 ecx=00000000 edx=00000000
[    0.000000] CPUID[0d, 11]: eax=00000000 ebx=00000000 ecx=00000000 edx=00000000
[    0.000000] x86/fpu: xstate_offset[2]:  576, xstate_sizes[2]:  256
[    0.000000] x86/fpu: Supporting XSAVE feature 0x01: 'x87 floating point registers'
[    0.000000] x86/fpu: Supporting XSAVE feature 0x02: 'SSE registers'
[    0.000000] x86/fpu: Supporting XSAVE feature 0x04: 'AVX registers'
[    0.000000] x86/fpu: Enabled xstate features 0x7, context size is 1088 bytes, using 'standard' format.
[    0.000000] x86/fpu: Using 'eager' FPU context switches.
[    0.000000] e820: BIOS-provided physical RAM map:
[    0.000000] BIOS-e820: [mem 0x0000000000000000-0x000000000009fbff] usable
[    0.000000] BIOS-e820: [mem 0x000000000009fc00-0x000000000009ffff] reserved
[    0.000000] BIOS-e820: [mem 0x00000000000f0000-0x00000000000fffff] reserved
[    0.000000] BIOS-e820: [mem 0x0000000000100000-0x000000001ffeffff] usable
[    0.000000] BIOS-e820: [mem 0x000000001fff0000-0x000000001fffffff] ACPI data
[    0.000000] BIOS-e820: [mem 0x00000000fec00000-0x00000000fec00fff] reserved
[    0.000000] BIOS-e820: [mem 0x00000000fee00000-0x00000000fee00fff] reserved
[    0.000000] BIOS-e820: [mem 0x00000000fffc0000-0x00000000ffffffff] reserved
[    0.000000] NX (Execute Disable) protection: active
[    0.000000] SMBIOS 2.5 present.
[    0.000000] Hypervisor detected: KVM
[    0.000000] e820: last_pfn = 0x1fff0 max_arch_pfn = 0x400000000
[    0.000000] MTRR: Disabled
[    0.000000] x86/PAT: MTRRs disabled, skipping PAT initialization too.
[    0.000000] CPU MTRRs all blank - virtualized system.
[    0.000000] x86/PAT: Configuration [0-7]: WB  WT  UC- UC  WB  WT  UC- UC  
[    0.000000] found SMP MP-table at [mem 0x0009fff0-0x0009ffff] mapped at [ffff88000009fff0]
[    0.000000] Scanning 1 areas for low memory corruption
[    0.000000] RAMDISK: [mem 0x1e8d2000-0x1f743fff]
[    0.000000] ACPI: Early table checksum verification disabled
[    0.000000] ACPI: RSDP 0x00000000000E0000 000024 (v02 VBOX  )
[    0.000000] ACPI: XSDT 0x000000001FFF0030 00003C (v01 VBOX   VBOXXSDT 00000001 ASL  00000061)
[    0.000000] ACPI: FACP 0x000000001FFF00F0 0000F4 (v04 VBOX   VBOXFACP 00000001 ASL  00000061)
[    0.000000] ACPI: DSDT 0x000000001FFF0470 0021FF (v02 VBOX   VBOXBIOS 00000002 INTL 20160108)
[    0.000000] ACPI: FACS 0x000000001FFF0200 000040
[    0.000000] ACPI: FACS 0x000000001FFF0200 000040
[    0.000000] ACPI: APIC 0x000000001FFF0240 00005C (v02 VBOX   VBOXAPIC 00000001 ASL  00000061)
[    0.000000] ACPI: SSDT 0x000000001FFF02A0 0001CC (v01 VBOX   VBOXCPUT 00000002 INTL 20160108)
[    0.000000] No NUMA configuration found
[    0.000000] Faking a node at [mem 0x0000000000000000-0x000000001ffeffff]
[    0.000000] NODE_DATA(0) allocated [mem 0x1ffeb000-0x1ffeffff]
[    0.000000] kvm-clock: Using msrs 4b564d01 and 4b564d00
[    0.000000] kvm-clock: cpu 0, msr 0:1ffe3001, primary cpu clock
[    0.000000] kvm-clock: using sched offset of 3845489267 cycles
[    0.000000] clocksource: kvm-clock: mask: 0xffffffffffffffff max_cycles: 0x1cd42e4dffb, max_idle_ns: 881590591483 ns
[    0.000000] Zone ranges:
[    0.000000]   DMA      [mem 0x0000000000001000-0x0000000000ffffff]
[    0.000000]   DMA32    [mem 0x0000000001000000-0x000000001ffeffff]
[    0.000000]   Normal   empty
[    0.000000]   Device   empty
[    0.000000] Movable zone start for each node
[    0.000000] Early memory node ranges
[    0.000000]   node   0: [mem 0x0000000000001000-0x000000000009efff]
[    0.000000]   node   0: [mem 0x0000000000100000-0x000000001ffeffff]
[    0.000000] Initmem setup node 0 [mem 0x0000000000001000-0x000000001ffeffff]
[    0.000000] ACPI: PM-Timer IO Port: 0x4008
[    0.000000] IOAPIC[0]: apic_id 2, version 32, address 0xfec00000, GSI 0-23
[    0.000000] ACPI: INT_SRC_OVR (bus 0 bus_irq 0 global_irq 2 dfl dfl)
[    0.000000] ACPI: INT_SRC_OVR (bus 0 bus_irq 9 global_irq 9 high level)
[    0.000000] Using ACPI (MADT) for SMP configuration information
[    0.000000] smpboot: Allowing 2 CPUs, 0 hotplug CPUs
[    0.000000] PM: Registered nosave memory: [mem 0x00000000-0x00000fff]
[    0.000000] PM: Registered nosave memory: [mem 0x0009f000-0x0009ffff]
[    0.000000] PM: Registered nosave memory: [mem 0x000a0000-0x000effff]
[    0.000000] PM: Registered nosave memory: [mem 0x000f0000-0x000fffff]
[    0.000000] e820: [mem 0x20000000-0xfebfffff] available for PCI devices
[    0.000000] Booting paravirtualized kernel on KVM
[    0.000000] clocksource: refined-jiffies: mask: 0xffffffff max_cycles: 0xffffffff, max_idle_ns: 7645519600211568 ns
[    0.000000] setup_percpu: NR_CPUS:512 nr_cpumask_bits:512 nr_cpu_ids:2 nr_node_ids:1
[    0.000000] PERCPU: Embedded 34 pages/cpu @ffff88001fc00000 s99544 r8192 d31528 u1048576
[    0.000000] PV qspinlock hash table entries: 256 (order: 0, 4096 bytes)
[    0.000000] Built 1 zonelists in Node order, mobility grouping on.  Total pages: 128888
[    0.000000] Policy zone: DMA32
[    0.000000] Kernel command line: BOOT_IMAGE=/boot/vmlinuz-4.4.0-131-generic root=LABEL=cloudimg-rootfs ro console=tty1 console=ttyS0
[    0.000000] PID hash table entries: 2048 (order: 2, 16384 bytes)
[    0.000000] Memory: 481644K/523832K available (8546K kernel code, 1313K rwdata, 4000K rodata, 1516K init, 1316K bss, 42188K reserved, 0K cma-reserved)
[    0.000000] SLUB: HWalign=64, Order=0-3, MinObjects=0, CPUs=2, Nodes=1
[    0.000000] Kernel/User page tables isolation: enabled
[    0.000000] Hierarchical RCU implementation.
[    0.000000] 	Build-time adjustment of leaf fanout to 64.
[    0.000000] 	RCU restricting CPUs from NR_CPUS=512 to nr_cpu_ids=2.
[    0.000000] RCU: Adjusting geometry for rcu_fanout_leaf=64, nr_cpu_ids=2
[    0.000000] NR_IRQS:33024 nr_irqs:440 16
[    0.000000] Console: colour VGA+ 80x25
[    0.000000] console [tty1] enabled
[    0.000000] console [ttyS0] enabled
[    0.000000] tsc: Detected 2399.998 MHz processor
[    1.656620] Calibrating delay loop (skipped) preset value.. 4799.99 BogoMIPS (lpj=9599992)
[    1.658321] pid_max: default: 32768 minimum: 301
[    1.659210] ACPI: Core revision 20150930
[    1.661139] ACPI: 2 ACPI AML tables successfully acquired and loaded
[    1.663548] Security Framework initialized
[    1.693274] Yama: becoming mindful.
[    1.693982] AppArmor: AppArmor initialized
[    1.694833] Dentry cache hash table entries: 65536 (order: 7, 524288 bytes)
[    1.696068] Inode-cache hash table entries: 32768 (order: 6, 262144 bytes)
[    1.697223] Mount-cache hash table entries: 1024 (order: 1, 8192 bytes)
[    1.698298] Mountpoint-cache hash table entries: 1024 (order: 1, 8192 bytes)
[    1.699587] Initializing cgroup subsys io
[    1.700409] Initializing cgroup subsys memory
[    1.701214] Initializing cgroup subsys devices
[    1.759543] Initializing cgroup subsys freezer
[    1.837166] Initializing cgroup subsys net_cls
[    1.906836] Initializing cgroup subsys perf_event
[    1.937177] Initializing cgroup subsys net_prio
[    1.976994] Initializing cgroup subsys hugetlb
[    1.977891] Initializing cgroup subsys pids
[    1.978781] CPU: Physical Processor ID: 0
[    1.979657] CPU: Processor Core ID: 0
[    1.982172] mce: CPU supports 0 MCE banks
[    1.993317] Last level iTLB entries: 4KB 64, 2MB 8, 4MB 8
[    1.994389] Last level dTLB entries: 4KB 64, 2MB 0, 4MB 0, 1GB 4
[    1.995591] Spectre V2 : Mitigation: Full generic retpoline
[    2.009899] Spectre V2 : Speculation control IBPB not-supported IBRS not-supported
[    2.088815] Spectre V2 : Filling RSB on context switch
[    2.090097] Speculative Store Bypass: Vulnerable
[    2.107361] Freeing SMP alternatives memory: 32K
[    2.125926] ftrace: allocating 32245 entries in 126 pages
[    2.223812] smpboot: APIC(0) Converting physical 0 to logical package 0
[    2.272198] smpboot: Max logical packages: 1
[    2.317615] x2apic enabled
[    2.333281] Switched APIC routing to physical x2apic.
[    2.335789] ..TIMER: vector=0x30 apic1=0 pin1=2 apic2=-1 pin2=-1
[    2.579489] smpboot: CPU0: Intel(R) Core(TM) i5-6200U CPU @ 2.30GHz (family: 0x6, model: 0x4e, stepping: 0x3)
[    2.676092] Performance Events: unsupported p6 CPU model 78 no PMU driver, software events only.
[    2.691976] KVM setup paravirtual spinlock
[    2.693552] x86: Booting SMP configuration:
[    2.747050] .... node  #0, CPUs:      #1
[    2.776533] kvm-clock: cpu 1, msr 0:1ffe3041, secondary cpu clock
[    2.801025] mce: CPU supports 0 MCE banks
[    2.806424] x86: Booted up 1 node, 2 CPUs
[    2.844226] smpboot: Total of 2 processors activated (9599.99 BogoMIPS)
[    2.862520] devtmpfs: initialized
[    2.870677] evm: security.selinux
[    2.879410] evm: security.SMACK64
[    2.880097] evm: security.SMACK64EXEC
[    2.883399] evm: security.SMACK64TRANSMUTE
[    2.884204] evm: security.SMACK64MMAP
[    2.909657] evm: security.ima
[    2.910326] evm: security.capability
[    2.911477] clocksource: jiffies: mask: 0xffffffff max_cycles: 0xffffffff, max_idle_ns: 7645041785100000 ns
[    2.914743] futex hash table entries: 512 (order: 3, 32768 bytes)
[    2.916094] pinctrl core: initialized pinctrl subsystem
[    2.917252] RTC time:  5:04:08, date: 08/07/18
[    2.960868] NET: Registered protocol family 16
[    2.975917] cpuidle: using governor ladder
[    3.011839] cpuidle: using governor menu
[    3.022415] PCCT header not found.
[    3.067872] ACPI: bus type PCI registered
[    3.080708] acpiphp: ACPI Hot Plug PCI Controller Driver version: 0.5
[    3.127536] PCI: Using configuration type 1 for base access
[    3.160510] ACPI: Added _OSI(Module Device)
[    3.196297] ACPI: Added _OSI(Processor Device)
[    3.197226] ACPI: Added _OSI(3.0 _SCP Extensions)
[    3.198168] ACPI: Added _OSI(Processor Aggregator Device)
[    3.212934] ACPI: Executed 1 blocks of module-level executable AML code
[    3.266812] ACPI: Interpreter enabled
[    3.316744] ACPI: (supports S0 S5)
[    3.332103] ACPI: Using IOAPIC for interrupt routing
[    3.333359] PCI: Using host bridge windows from ACPI; if necessary, use "pci=nocrs" and report a bug
[    3.354055] ACPI: PCI Root Bridge [PCI0] (domain 0000 [bus 00-ff])
[    3.390853] acpi PNP0A03:00: _OSC: OS supports [ASPM ClockPM Segments MSI]
[    3.392156] acpi PNP0A03:00: _OSC: not requesting OS control; OS requires [ExtendedConfig ASPM ClockPM MSI]
[    3.393968] acpi PNP0A03:00: fail to add MMCONFIG information, can't access extended PCI configuration space under this bridge.
[    3.429510] PCI host bridge to bus 0000:00
[    3.431563] pci_bus 0000:00: root bus resource [io  0x0000-0x0cf7 window]
[    3.432843] pci_bus 0000:00: root bus resource [io  0x0d00-0xffff window]
[    3.434144] pci_bus 0000:00: root bus resource [mem 0x000a0000-0x000bffff window]
[    3.448269] pci_bus 0000:00: root bus resource [mem 0x20000000-0xffdfffff window]
[    3.477073] pci_bus 0000:00: root bus resource [bus 00-ff]
[    3.479489] pci 0000:00:01.1: legacy IDE quirk: reg 0x10: [io  0x01f0-0x01f7]
[    3.480626] pci 0000:00:01.1: legacy IDE quirk: reg 0x14: [io  0x03f6]
[    3.482739] pci 0000:00:01.1: legacy IDE quirk: reg 0x18: [io  0x0170-0x0177]
[    3.484250] pci 0000:00:01.1: legacy IDE quirk: reg 0x1c: [io  0x0376]
[    3.509933] pci 0000:00:07.0: quirk: [io  0x4000-0x403f] claimed by PIIX4 ACPI
[    3.543334] pci 0000:00:07.0: quirk: [io  0x4100-0x410f] claimed by PIIX4 SMB
[    3.549015] ACPI: PCI Interrupt Link [LNKA] (IRQs 5 9 10 *11)
[    3.560451] ACPI: PCI Interrupt Link [LNKB] (IRQs 5 9 10 *11)
[    3.572155] ACPI: PCI Interrupt Link [LNKC] (IRQs 5 9 *10 11)
[    3.580364] ACPI: PCI Interrupt Link [LNKD] (IRQs 5 *9 10 11)
[    3.581907] ACPI: Enabled 2 GPEs in block 00 to 07
[    3.597531] vgaarb: setting as boot device: PCI:0000:00:02.0
[    3.598507] vgaarb: device added: PCI:0000:00:02.0,decodes=io+mem,owns=io+mem,locks=none
[    3.599983] vgaarb: loaded
[    3.600601] vgaarb: bridge control possible 0000:00:02.0
[    3.616007] SCSI subsystem initialized
[    3.616978] ACPI: bus type USB registered
[    3.617895] usbcore: registered new interface driver usbfs
[    3.619036] usbcore: registered new interface driver hub
[    3.643936] usbcore: registered new device driver usb
[    3.708195] PCI: Using ACPI for IRQ routing
[    3.763764] NetLabel: Initializing
[    3.789510] NetLabel:  domain hash size = 128
[    3.790305] NetLabel:  protocols = UNLABELED CIPSOv4
[    3.796603] NetLabel:  unlabeled traffic allowed by default
[    3.821860] amd_nb: Cannot enumerate AMD northbridges
[    3.843738] clocksource: Switched to clocksource kvm-clock
[    3.850932] AppArmor: AppArmor Filesystem Enabled
[    3.948906] pnp: PnP ACPI init
[    3.990652] pnp: PnP ACPI: found 3 devices
[    4.007529] clocksource: acpi_pm: mask: 0xffffff max_cycles: 0xffffff, max_idle_ns: 2085701024 ns
[    4.056979] NET: Registered protocol family 2
[    4.120420] TCP established hash table entries: 4096 (order: 3, 32768 bytes)
[    4.159492] TCP bind hash table entries: 4096 (order: 4, 65536 bytes)
[    4.160718] TCP: Hash tables configured (established 4096 bind 4096)
[    4.174785] UDP hash table entries: 256 (order: 1, 8192 bytes)
[    4.175902] UDP-Lite hash table entries: 256 (order: 1, 8192 bytes)
[    4.177139] NET: Registered protocol family 1
[    4.178142] pci 0000:00:00.0: Limiting direct PCI/PCI transfers
[    4.179222] pci 0000:00:01.0: Activating ISA DMA hang workarounds
[    4.180893] Unpacking initramfs...
[    4.430272] Freeing initrd memory: 14792K
[    4.459510] platform rtc_cmos: registered platform RTC device (no PNP device found)
[    4.461033] Scanning for low memory corruption every 60 seconds
[    4.462427] audit: initializing netlink subsys (disabled)
[    4.464470] audit: type=2000 audit(1533618252.647:1): initialized
[    4.516230] Initialise system trusted keyring
[    4.517374] HugeTLB registered 2 MB page size, pre-allocated 0 pages
[    4.547340] zbud: loaded
[    4.585022] VFS: Disk quotas dquot_6.6.0
[    4.602815] VFS: Dquot-cache hash table entries: 512 (order 0, 4096 bytes)
[    4.614571] squashfs: version 4.0 (2009/01/31) Phillip Lougher
[    4.617432] fuse init (API version 7.23)
[    4.646068] Key type big_key registered
[    4.666838] Allocating IMA MOK and blacklist keyrings.
[    4.697651] Key type asymmetric registered
[    4.736368] Asymmetric key parser 'x509' registered
[    4.744828] Block layer SCSI generic (bsg) driver version 0.4 loaded (major 249)
[    4.759408] io scheduler noop registered
[    4.760912] io scheduler deadline registered (default)
[    4.761922] io scheduler cfq registered
[    4.762757] pci_hotplug: PCI Hot Plug PCI Core version: 0.5
[    4.763812] pciehp: PCI Express Hot Plug Controller Driver version: 0.4
[    4.766058] ACPI: AC Adapter [AC] (on-line)
[    4.766892] input: Power Button as /devices/LNXSYSTM:00/LNXPWRBN:00/input/input0
[    4.773898] ACPI: Power Button [PWRF]
[    4.780068] input: Sleep Button as /devices/LNXSYSTM:00/LNXSLPBN:00/input/input1
[    4.827414] ACPI: Sleep Button [SLPF]
[    4.828425] GHES: HEST is not enabled!
[    4.829217] ACPI: Battery Slot [BAT0] (battery present)
[    4.831333] Serial: 8250/16550 driver, 32 ports, IRQ sharing enabled
[    4.855825] 00:02: ttyS0 at I/O 0x3f8 (irq = 4, base_baud = 115200) is a 16550A
[    4.902545] Linux agpgart interface v0.103
[    4.946588] loop: module loaded
[    4.977165] scsi host0: ata_piix
[    5.016562] scsi host1: ata_piix
[    5.075656] ata1: PATA max UDMA/33 cmd 0x1f0 ctl 0x3f6 bmdma 0xd000 irq 14
[    5.076971] ata2: PATA max UDMA/33 cmd 0x170 ctl 0x376 bmdma 0xd008 irq 15
[    5.078472] libphy: Fixed MDIO Bus: probed
[    5.079453] tun: Universal TUN/TAP device driver, 1.6
[    5.161042] tun: (C) 1999-2004 Max Krasnyansky <maxk@qualcomm.com>
[    5.281199] PPP generic driver version 2.4.2
[    5.295004] ehci_hcd: USB 2.0 'Enhanced' Host Controller (EHCI) Driver
[    5.297649] ehci-pci: EHCI PCI platform driver
[    5.298542] ehci-platform: EHCI generic platform driver
[    5.299534] ohci_hcd: USB 1.1 'Open' Host Controller (OHCI) Driver
[    5.325249] ohci-pci: OHCI PCI platform driver
[    5.405089] ohci-platform: OHCI generic platform driver
[    5.415101] uhci_hcd: USB Universal Host Controller Interface driver
[    5.416421] i8042: PNP: PS/2 Controller [PNP0303:PS2K,PNP0f03:PS2M] at 0x60,0x64 irq 1,12
[    5.419352] serio: i8042 KBD port at 0x60,0x64 irq 1
[    5.456985] tsc: Refined TSC clocksource calibration: 2400.172 MHz
[    5.456988] clocksource: tsc: mask: 0xffffffffffffffff max_cycles: 0x2298d9ef29a, max_idle_ns: 440795286386 ns
[    5.765875] serio: i8042 AUX port at 0x60,0x64 irq 12
[    5.905356] mousedev: PS/2 mouse device common for all mice
[    5.925735] rtc_cmos rtc_cmos: rtc core: registered rtc_cmos as rtc0
[    5.930940] rtc_cmos rtc_cmos: alarms up to one day, 114 bytes nvram
[    5.932223] i2c /dev entries driver
[    5.933094] input: AT Translated Set 2 keyboard as /devices/platform/i8042/serio0/input/input2
[    5.935225] device-mapper: uevent: version 1.0.3
[    6.014756] device-mapper: ioctl: 4.34.0-ioctl (2015-10-28) initialised: dm-devel@redhat.com
[    6.018675] ledtrig-cpu: registered to indicate activity on CPUs
[    6.145625] NET: Registered protocol family 10
[    6.205499] NET: Registered protocol family 17
[    6.221757] Key type dns_resolver registered
[    6.245262] registered taskstats version 1
[    6.300175] Loading compiled-in X.509 certificates
[    6.301857] Loaded X.509 cert 'Build time autogenerated kernel key: 8f274abdf49cd12572c1533a34d1eafea768213f'
[    6.305788] zswap: loaded using pool lzo/zbud
[    6.308417] Key type trusted registered
[    6.628119] Key type encrypted registered
[    6.645188] AppArmor: AppArmor sha1 policy hashing enabled
[    6.646247] ima: No TPM chip found, activating TPM-bypass!
[    6.647300] ima: Allocated hash algorithm: sha1
[    6.648365] evm: HMAC attrs: 0x1
[    6.649493]   Magic number: 14:577:61
[    6.724702] rtc_cmos rtc_cmos: setting system clock to 2018-08-07 05:04:12 UTC (1533618252)
[    6.726342] BIOS EDD facility v0.16 2004-Jun-25, 0 devices found
[    6.727339] EDD information not available.
[    6.729367] Freeing unused kernel memory: 1516K
[    6.867813] Write protecting the kernel read-only data: 14336k
[    6.955697] Freeing unused kernel memory: 1680K
[    7.025110] Freeing unused kernel memory: 96K
Loading, please wait...
[    7.042216] random: systemd-udevd: uninitialized urandom read (16 bytes read, 5 bits of entropy available)
starting version 229
[    7.042891] random: udevadm: uninitialized urandom read (16 bytes read, 5 bits of entropy available)
[    7.042909] random: udevadm: uninitialized urandom read (16 bytes read, 5 bits of entropy available)
[    7.052712] random: udevadm: uninitialized urandom read (16 bytes read, 5 bits of entropy available)
[    7.052800] random: udevadm: uninitialized urandom read (16 bytes read, 5 bits of entropy available)
[    7.053191] random: udevadm: uninitialized urandom read (16 bytes read, 5 bits of entropy available)
[    7.053265] random: udevadm: uninitialized urandom read (16 bytes read, 5 bits of entropy available)
[    7.053334] random: udevadm: uninitialized urandom read (16 bytes read, 5 bits of entropy available)
[    7.053411] random: udevadm: uninitialized urandom read (16 bytes read, 5 bits of entropy available)
[    7.053480] random: udevadm: uninitialized urandom read (16 bytes read, 5 bits of entropy available)
[    7.282591] e1000: Intel(R) PRO/1000 Network Driver - version 7.3.21-k8-NAPI
[    7.295762] e1000: Copyright (c) 1999-2006 Intel Corporation.
[    7.394229] Fusion MPT base driver 3.04.20
[    7.512397] Copyright (c) 1999-2008 LSI Corporation
[    7.520465] input: ImExPS/2 Generic Explorer Mouse as /devices/platform/i8042/serio1/input/input4
[    8.245562] AVX version of gcm_enc/dec engaged.
[    8.291565] AES CTR mode by8 optimization enabled
[    8.297963] Fusion MPT SPI Host driver 3.04.20
[    8.599892] e1000 0000:00:03.0 eth0: (PCI:33MHz:32-bit) 02:17:6d:c2:33:c4
[    8.615179] e1000 0000:00:03.0 eth0: Intel(R) PRO/1000 Network Connection
[    8.617144] mptbase: ioc0: Initiating bringup
[    8.617180] e1000 0000:00:03.0 enp0s3: renamed from eth0
[    8.740098] ioc0: LSI53C1030 A0: Capabilities={Initiator}
[    8.921491] scsi host2: ioc0: LSI53C1030 A0, FwRev=00000000h, Ports=1, MaxQ=256, IRQ=20
[    9.048185] scsi 2:0:0:0: Direct-Access     VBOX     HARDDISK         1.0  PQ: 0 ANSI: 5
[    9.114398] scsi target2:0:0: Beginning Domain Validation
[    9.129114] scsi target2:0:0: Domain Validation skipping write tests
[    9.166095] scsi target2:0:0: Ending Domain Validation
[    9.167185] scsi target2:0:0: asynchronous
[    9.176246] scsi 2:0:1:0: Direct-Access     VBOX     HARDDISK         1.0  PQ: 0 ANSI: 5
[    9.210530] scsi target2:0:1: Beginning Domain Validation
[    9.212287] scsi target2:0:1: Domain Validation skipping write tests
[    9.216776] scsi target2:0:1: Ending Domain Validation
[    9.218021] scsi target2:0:1: asynchronous
[    9.235779] sd 2:0:0:0: [sda] 20971520 512-byte logical blocks: (10.7 GB/10.0 GiB)
[    9.235785] sd 2:0:0:0: Attached scsi generic sg0 type 0
[    9.236353] sd 2:0:1:0: Attached scsi generic sg1 type 0
[    9.236560] sd 2:0:1:0: [sdb] 20480 512-byte logical blocks: (10.5 MB/10.0 MiB)
[    9.236690] sd 2:0:1:0: [sdb] Write Protect is off
[    9.236768] sd 2:0:1:0: [sdb] Incomplete mode parameter data
[    9.236770] sd 2:0:1:0: [sdb] Assuming drive cache: write through
[    9.270130] sd 2:0:1:0: [sdb] Attached SCSI disk
[    9.398080] sd 2:0:0:0: [sda] Write Protect is off
[    9.398999] sd 2:0:0:0: [sda] Incomplete mode parameter data
[    9.399984] sd 2:0:0:0: [sda] Assuming drive cache: write through
[    9.437157]  sda: sda1
[    9.466603] sd 2:0:0:0: [sda] Attached SCSI disk
Begin: Loading essential drivers[   10.985464] md: linear personality registered for level -1
 ... [   10.991420] md: multipath personality registered for level -4
[   10.997770] md: raid0 personality registered for level 0
[   11.014746] md: raid1 personality registered for level 1
[   11.119789] raid6: sse2x1   gen()  7148 MB/s
[   11.191798] raid6: sse2x1   xor()  4381 MB/s
[   11.311817] raid6: sse2x2   gen()  6502 MB/s
[   11.383762] raid6: sse2x2   xor()  5094 MB/s
[   11.487960] raid6: sse2x4   gen()  8391 MB/s
[   11.591839] raid6: sse2x4   xor()  5892 MB/s
[   11.640931] raid6: using algorithm sse2x4 gen() 8391 MB/s
[   11.691430] raid6: .... xor() 5892 MB/s, rmw enabled
[   11.717476] raid6: using ssse3x2 recovery algorithm
[   11.777705] xor: automatically using best checksumming function:
[   11.920508]    avx       : 29868.000 MB/sec
[   12.005890] async_tx: api initialized (async)
[   12.016845] md: raid6 personality registered for level 6
[   12.053205] md: raid5 personality registered for level 5
[   12.114768] md: raid4 personality registered for level 4
[   12.124917] md: raid10 personality registered for level 10
done.
Begin: Running /scripts/init-premount ... done.
Begin: Mounting root file system ... Begin: R[   12.229473] Btrfs loaded
unning /scripts/local-top ... done.
Begin: Running /scripts/local-premount ... Scanning for Btrfs filesystems
done.
Warning: fsck not present, so skipping root file system
[   12.301063] EXT4-fs (sda1): INFO: recovery required on readonly filesystem
[   12.308902] EXT4-fs (sda1): write access will be enabled during recovery
[   12.661693] EXT4-fs (sda1): orphan cleanup on readonly fs
[   12.733894] EXT4-fs (sda1): 6 orphan inodes deleted
[   12.814839] EXT4-fs (sda1): recovery complete
[   12.855058] EXT4-fs (sda1): mounted filesystem with ordered data mode. Opts: (null)
done.
Begin: Running /scripts/local-bottom ... done.
Begin: Running /scripts/init-bottom ... done.
[   13.178904] random: nonblocking pool is initialized
[   13.852041] systemd[1]: systemd 229 running in system mode. (+PAM +AUDIT +SELINUX +IMA +APPARMOR +SMACK +SYSVINIT +UTMP +LIBCRYPTSETUP +GCRYPT +GNUTLS +ACL +XZ -LZ4 +SECCOMP +BLKID +ELFUTILS +KMOD -IDN)
[   13.883424] systemd[1]: Detected virtualization oracle.
[   13.926985] systemd[1]: Detected architecture x86-64.

Welcome to [1mUbuntu 16.04.5 LTS[0m!

[   13.977454] systemd[1]: Set hostname to <ubuntu-xenial>.
[   15.110535] systemd[1]: Reached target User and Group Name Lookups.
[[0;32m  OK  [0m] Reached target User and Group Name Lookups.
[   15.160173] systemd[1]: Listening on /dev/initctl Compatibility Named Pipe.
[[0;32m  OK  [0m] Listening on /dev/initctl Compatibility Named Pipe.
[   15.328190] systemd[1]: Listening on Journal Audit Socket.
[[0;32m  OK  [0m] Listening on Journal Audit Socket.
[   15.425943] systemd[1]: Listening on Device-mapper event daemon FIFOs.
[[0;32m  OK  [0m] Listening on Device-mapper event daemon FIFOs.
[   15.564464] systemd[1]: Listening on Journal Socket (/dev/log).
[[0;32m  OK  [0m] Listening on Journal Socket (/dev/log).
[   15.572004] systemd[1]: Reached target Swap.
[[0;32m  OK  [0m] Reached target Swap.
[   15.608436] systemd[1]: Created slice System Slice.
[[0;32m  OK  [0m] Created slice System Slice.
[   15.610626] systemd[1]: Created slice system-serial\x2dgetty.slice.
[[0;32m  OK  [0m] Created slice system-serial\x2dgetty.slice.
[   15.630680] systemd[1]: Listening on LVM2 poll daemon socket.
[[0;32m  OK  [0m] Listening on LVM2 poll daemon socket.
[   15.677386] systemd[1]: Created slice User and Session Slice.
[[0;32m  OK  [0m] Created slice User and Session Slice.
[   15.745592] systemd[1]: Reached target Slices.
[[0;32m  OK  [0m] Reached target Slices.
[   15.756067] systemd[1]: Reached target Encrypted Volumes.
[[0;32m  OK  [0m] Reached target Encrypted Volumes.
[   15.828140] systemd[1]: Listening on Syslog Socket.
[[0;32m  OK  [0m] Listening on Syslog Socket.
[   15.929118] systemd[1]: Listening on udev Control Socket.
[[0;32m  OK  [0m] Listening on udev Control Socket.
[   15.945024] systemd[1]: Listening on LVM2 metadata daemon socket.
[[0;32m  OK  [0m] Listening on LVM2 metadata daemon socket.
[   15.949993] systemd[1]: Listening on Journal Socket.
[[0;32m  OK  [0m] Listening on Journal Socket.
[   16.032138] systemd[1]: Starting Remount Root and Kernel File Systems...
         Starting Remount Root and Kernel File Systems...
[   16.175920] systemd[1]: Starting Monitoring of LVM2 mirrors, snapshots etc. using dmeventd or progress polling...
         Starting Monitoring of LVM2 mirrors... dmeventd or progress polling...
[   16.263993] systemd[1]: Mounting Debug File System...
         Mounting Debug File System...
[   16.331788] systemd[1]: Mounting POSIX Message Queue File System...
         Mounting POSIX Message Queue File System...
[   16.413789] EXT4-fs (sda1): re-mounted. Opts: (null)
[   16.459967] systemd[1]: Starting Create list of required static device nodes for the current kernel...
         Starting Create list of required st... nodes for the current kernel...
[   16.536097] systemd[1]: Starting Uncomplicated firewall...
         Starting Uncomplicated firewall...
[   16.592261] systemd[1]: Set up automount Arbitrary Executable File Formats File System Automount Point.
[[0;32m  OK  [0m] Set up automount Arbitrary Executab...ats File System Automount Point.
[   16.677646] systemd[1]: Listening on udev Kernel Socket.
[[0;32m  OK  [0m] Listening on udev Kernel Socket.
[   16.692090] systemd[1]: Starting Nameserver information manager...
         Starting Nameserver information manager...
[   16.714905] systemd[1]: Reached target System Time Synchronized.
[[0;32m  OK  [0m] Reached target System Time Synchronized.
[   16.728679] systemd[1]: Mounting Huge Pages File System...
         Mounting Huge Pages File System...
[   16.764086] systemd[1]: Starting Set console keymap...
         Starting Set console keymap...
[   16.781063] systemd[1]: Started Trigger resolvconf update for networkd DNS.
[[0;32m  OK  [0m] Started Trigger resolvconf update for networkd DNS.
[   16.872052] systemd[1]: Starting Load Kernel Modules...
         Starting Load Kernel Modules...
[   16.894487] systemd[1]: Starting Journal Service...
         Starting Journal Service...
[   17.003989] systemd[1]: Started Forward Password Requests to Wall Directory Watch.
[[0;32m  OK  [0m] Started Forward Password Requests to Wall Directory Watch.
[   17.088778] systemd[1]: Mounted POSIX Message Queue File System.
[[0;32m  OK  [0m] Mounted POSIX Message Queue File System.
[   17.141216] Loading iSCSI transport class v2.0-870.
[   17.141257] systemd[1]: Mounted Debug File System.
[[0;32m  OK  [0m] Mounted Debug File System.
[   17.149466] systemd[1]: Mounted Huge Pages File System.
[[0;32m  OK  [0m] Mounted Huge Pages File System.
[   17.192559] systemd[1]: Started Remount Root and Kernel File Systems.
[   17.226196] iscsi: registered transport (tcp)
[[0;32m  OK  [0m] Started Remount Root and Kernel File Systems.
[   17.235998] systemd[1]: Started Create list of required static device nodes for the current kernel.
[[0;32m  OK  [0m] Started Create list of required sta...ce nodes for the curre[   17.291814] iscsi: registered transport (iser)
nt kernel.
[   17.355573] systemd[1]: Started Uncomplicated firewall.
[[0;32m  OK  [0m] Started Uncomplicated firewall.
[   17.406142] systemd[1]: Started Set console keymap.
[[0;32m  OK  [0m] Started Set console keymap.
[   17.539807] systemd[1]: Started Load Kernel Modules.
[[0;32m  OK  [0m] Started Load Kernel Modules.
[   17.588576] systemd[1]: Started Nameserver information manager.
[[0;32m  OK  [0m] Started Nameserver information manager.
[   17.641033] systemd[1]: Started Journal Service.
[[0;32m  OK  [0m] Started Journal Service.
[[0;32m  OK  [0m] Started LVM2 metadata daemon.
         Mounting FUSE Control File System...
         Starting Apply Kernel Variables...
         Starting Create Static Device Nodes in /dev...
         Starting udev Coldplug all Devices...
         Starting Load/Save Random Seed...
         Starting Flush Journal to Persistent Storage...
[[0;32m  OK  [0m] Mounted FUSE Control File System.
[[0;32m  OK  [0m] Started Apply Kernel Variables.
[[0;32m  OK  [0m] Started Load/Save Random Seed.
[[0;32m  OK  [0m] Started Monitoring of LVM2 mirrors,...ng dmeventd or progress polling.
[[0;32m  OK  [0m] Started Create Static Device Nodes in /dev.
[[0;32m  OK  [0m] Started udev Coldplug all Devices.
         Starting udev Kernel Device Manager...
[[0;32m  OK  [0m] Started Flush Journal to Persistent Storage.
[[0;32m  OK  [0m] Started udev Kernel Device Manager.
[[0;32m  OK  [0m] Reached target Local File Systems (Pre).
[[0;32m  OK  [0m] Reached target Local File Systems.
         Starting Set console font and keymap...
         Starting Create Volatile Files and Directories...
         Starting LSB: AppArmor initialization...
         Starting Initial cloud-init job (pre-networking)...
         Starting Tell Plymouth To Write Out Runtime Data...
[[0;32m  OK  [0m] Started Dispatch Password Requests to Console Directory Watch.
[[0;32m  OK  [0m] Found device /dev/ttyS0.
[[0;32m  OK  [0m] Listening on Load/Save RF Kill Switch Status /dev/rfkill Watch.
[[0;32m  OK  [0m] Started Tell Plymouth To Write Out Runtime Data.
[[0;32m  OK  [0m] Started Create Volatile Files and Directories.
         Starting Update UTMP about System Boot/Shutdown...
[[0;32m  OK  [0m] Started Update UTMP about System Boot/Shutdown.
[[0;32m  OK  [0m] Found device 82540EM Gigabit Ethern...r (PRO/1000 MT Desktop Adapter).
[[0;32m  OK  [0m] Started Set console font and keymap.
[[0;32m  OK  [0m] Created slice system-getty.slice.
[[0;32m  OK  [0m] Started LSB: AppArmor initialization.
[   22.640923] cloud-init[483]: Cloud-init v. 18.2 running 'init-local' at Tue, 07 Aug 2018 05:04:30 +0000. Up 21.57 seconds.
[[0;32m  OK  [0m] Started Initial cloud-init job (pre-networking).
[[0;32m  OK  [0m] Reached target Network (Pre).
         Starting Raise network interfaces...
[[0;32m  OK  [0m] Started ifup for enp0s3.
[[0;32m  OK  [0m] Started Raise network interfaces.
[[0;32m  OK  [0m] Reached target Network.
         Starting Initial cloud-init job (metadata service crawler)...
[   25.073458] cloud-init[959]: Cloud-init v. 18.2 running 'init' at Tue, 07 Aug 2018 05:04:32 +0000. Up 23.57 seconds.
[   25.140653] cloud-init[959]: ci-info: +++++++++++++++++++++++++++++++++++++Net device info++++++++++++++++++++++++++++++++++++++
[[0;32m  OK  [0m] Started Initial cloud-init job (metadata service crawler).
[[0;32m  OK  [0m] Reached target System Initialization.
[   25.196840] cloud-init[959]: ci-info: +--------+------+----------------------------+---------------+-------+-------------------+
[   25.284351] cloud-init[959]: ci-info: | Device |  Up  |          Address           |      Mask     | Scope |     Hw-Address    |
[   25.328345] cloud-init[959]: ci-info: +--------+------+----------------------------+---------------+-------+-------------------+
[   25.361187] cloud-init[959]: ci-info: | enp0s3 | True |         10.0.2.15          | 255.255.255.0 |   .   | 02:17:6d:c2:33:c4 |
[   25.383526] cloud-init[959]: ci-info: | enp0s3 | True | fe80::17:6dff:fec2:33c4/64 |       .       |  link | 02:17:6d:c2:33:c4 |
         Starting LXD - unix socket.
[[0;32m  OK  [0m] Listening on ACPID Listen Socket.
[   25.433590] cloud-init[959]: ci-info: |   lo   | True |         127.0.0.1          |   255.0.0.0   |   .   |         .         |
[   25.494035] cloud-init[959]: ci-info: |   lo   | True |          ::1/128           |       .       |  host |         .         |
[   25.507675] cloud-init[959]: ci-info: +--------+------+----------------------------+---------------+-------+-------------------+
[   25.532381] cloud-init[959]: ci-info: +++++++++++++++++++++++++++Route IPv4 info++++++++++++++++++++++++++++
[[0;32m  OK  [0m] Started ACPI Events Check.
[[0;32m  OK  [0m] Reached target Paths.
         Starting Socket activation for snappy daemon.
[[0;32m  OK  [0m] Listening on UUID daemon activation socket.
[   25.547700] cloud-init[959]: ci-info: +-------+-------------+----------+---------------+-----------+-------+
[   25.620329] [cloud-init[0;32m  OK  [0m[959]: ] ci-info: | Route | Destination | Gateway  |    Genmask    | Interface | Flags |Started Daily Cleanup of Temporary Directories.

[[0;32m  OK  [0m] Listening on D-Bus System Message Bus Socket.
[   25.620840] cloud-init[959]: ci-info: +-------+-------------+----------+---------------+-----------+-------+
[   25.694648] cloud-init[959]: ci-info: |   0   |   0.0.0.0   | 10.0.2.2 |    0.0.0.0    |   enp0s3  |   UG  |
[   25.714099] cloud-init[959]: ci-info: |   1   |   10.0.2.0  | 0.0.0.0  | 255.255.255.0 |   enp0s3  |   U   |
[   25.716670] cloud-init[959]: ci-info: +-------+-------------+----------+---------------+-----------+-------+
[[0;32m  OK  [0m] Started Daily apt download activities.
[[0;32m  OK  [0m] Started Daily apt upgrade and clean activities.
[[0;32m  OK  [0m] Reached target Timers.
[[0;32m  OK  [0m] Reached target Cloud-config availability.
[[0;32m  OK  [0m] Reached target Network is Online.
         Starting iSCSI initiator daemon (iscsid)...
[[0;32m  OK  [0m] Listening on LXD - unix socket.
[[0;32m  OK  [0m] Listening on Socket activation for snappy daemon.
[[0;32m  OK  [0m] Reached target Sockets.
[[0;32m  OK  [0m] Reached target Basic System.
[[0;32m  OK  [0m] Started Regular background program processing daemon.
         Starting LSB: Record successful boot for GRUB...
         Starting Snappy daemon...
         Starting Accounts Service...
         Starting LXD - container startup/shutdown...
         Starting Virtualbox guest utils...
[[0;32m  OK  [0m] Started Deferred execution scheduler.
         Starting MySQL Community Server...
[[0;32m  OK  [0m] Started ACPI event daemon.
[[0;32m  OK  [0m] Started Unattended Upgrades Shutdown.
         Starting LSB: MD monitoring daemon...
         Starting Apply the settings specified in cloud-config...
         Starting OpenBSD Secure Shell server...
         Starting Login Service...
[[0;32m  OK  [0m] Started D-Bus System Message Bus.
[   27.552220] cloud-init[1043]: Cloud-init v. 18.2 running 'modules:config' at Tue, 07 Aug 2018 05:04:35 +0000. Up 26.65 seconds.
         Starting System Logging Service...
[[0;32m  OK  [0m] Started FUSE filesystem for LXC.
         Starting /etc/rc.local Compatibility...
         Starting A high performance web server and a reverse proxy server...
         Starting The PHP 7.0 FastCGI Process Manager...
[[0;32m  OK  [0m] Started OpenBSD Secure Shell server.
[[0;32m  OK  [0m] Started iSCSI initiator daemon (iscsid).
[[0;32m  OK  [0m] Started Apply the settings specified in cloud-config.
[[0;32m  OK  [0m] Started /etc/rc.local Compatibility.
[[0;32m  OK  [0m] Started Login Service.
         Starting Login to default iSCSI targets...
[[0;32m  OK  [0m] Started LSB: Record successful boot for GRUB.
[[0;32m  OK  [0m] Started LSB: MD monitoring daemon.
         Starting Authenticate and Authorize Users to Run Privileged Tasks...
[[0;32m  OK  [0m] Started Login to default iSCSI targets.
[[0;32m  OK  [0m] Reached target Remote File Systems (Pre).
[[0;32m  OK  [0m] Reached target Remote File Systems.
         Starting LSB: automatic crash report generation...
         Starting Permit User Sessions...
         Starting LSB: Set the CPU Frequency Scaling governor to "ondemand"...
         Starting LSB: daemon to balance interrupts for SMP systems...
[[0;32m  OK  [0m] Started System Logging Service.
[[0;32m  OK  [0m] Started Permit User Sessions.
         Starting Terminate Plymouth Boot Screen...
         Starting Hold until boot process finishes up...
[[0;32m  OK  [0m] Started LSB: Set the CPU Frequency Scaling governor to "ondemand".
[[0;32m  OK  [0m] Started Terminate Plymouth Boot Screen.
[[0;32m  OK  [0m] Started Hold until boot process finishes up.
[[0;32m  OK  [0m] Started LSB: automatic crash report generation.
[[0;32m  OK  [0m] Started Getty on tty1.
[[0;32m  OK  [0m] Started Serial Getty on ttyS0.
[[0;32m  OK  [0m] Reached target Login Prompts.
         Starting Set console scheme...
[[0;32m  OK  [0m] Started LSB: daemon to balance interrupts for SMP systems.
[[0;32m  OK  [0m] Started Set console scheme.
[[0;32m  OK  [0m] Started Authenticate and Authorize Users to Run Privileged Tasks.
[[0;32m  OK  [0m] Started Accounts Service.
[[0;32m  OK  [0m] Created slice User Slice of vagrant.
         Starting User Manager for UID 1000...
[[0;32m  OK  [0m] Started Session 1 of user vagrant.
[[0;32m  OK  [0m] Started Virtualbox guest utils.
[[0;32m  OK  [0m] Started User Manager for UID 1000.
[[0;32m  OK  [0m] Started LXD - container startup/shutdown.
[[0;32m  OK  [0m] Started A high performance web server and a reverse proxy server.
[[0;32m  OK  [0m] Started Snappy daemon.
         Starting Wait until snapd is fully seeded...
[[0;32m  OK  [0m] Started Wait until snapd is fully seeded.

Ubuntu 16.04.5 LTS ubuntu-xenial ttyS0

ubuntu-xenial login: [   38.791342] cloud-init[1448]: Cloud-init v. 18.2 running 'modules:final' at Tue, 07 Aug 2018 05:04:47 +0000. Up 38.57 seconds.
[   38.791804] cloud-init[1448]: Cloud-init v. 18.2 finished at Tue, 07 Aug 2018 05:04:47 +0000. Datasource DataSourceNoCloud [seed=/dev/sdb][dsmode=net].  Up 38.78 seconds
